Determining if the pthread_create exist failed with the following output:
Change Dir: /root/Desktop/SFND1-LiDAR/build/CMakeFiles/CMakeTmp

Run Build Command:"/usr/bin/make" "cmTC_a62f9/fast"
/usr/bin/make -f CMakeFiles/cmTC_a62f9.dir/build.make CMakeFiles/cmTC_a62f9.dir/build
make[1]: Entering directory '/root/Desktop/SFND1-LiDAR/build/CMakeFiles/CMakeTmp'
Building C object CMakeFiles/cmTC_a62f9.dir/CheckSymbolExists.c.o
/usr/bin/x86_64-linux-gnu-gcc-7    -o CMakeFiles/cmTC_a62f9.dir/CheckSymbolExists.c.o   -c /root/Desktop/SFND1-LiDAR/build/CMakeFiles/CMakeTmp/CheckSymbolExists.c
Linking C executable cmTC_a62f9
/usr/bin/cmake -E cmake_link_script CMakeFiles/cmTC_a62f9.dir/link.txt --verbose=1
/usr/bin/x86_64-linux-gnu-gcc-7      -rdynamic CMakeFiles/cmTC_a62f9.dir/CheckSymbolExists.c.o  -o cmTC_a62f9 
CMakeFiles/cmTC_a62f9.dir/CheckSymbolExists.c.o: In function `main':
CheckSymbolExists.c:(.text+0x1b): undefined reference to `pthread_create'
collect2: error: ld returned 1 exit status
CMakeFiles/cmTC_a62f9.dir/build.make:97: recipe for target 'cmTC_a62f9' failed
make[1]: *** [cmTC_a62f9] Error 1
make[1]: Leaving directory '/root/Desktop/SFND1-LiDAR/build/CMakeFiles/CMakeTmp'
Makefile:126: recipe for target 'cmTC_a62f9/fast' failed
make: *** [cmTC_a62f9/fast] Error 2

File /root/Desktop/SFND1-LiDAR/build/CMakeFiles/CMakeTmp/CheckSymbolExists.c:
/* */
#include <pthread.h>

int main(int argc, char** argv)
{
  (void)argv;
#ifndef pthread_create
  return ((int*)(&pthread_create))[argc];
#else
  (void)argc;
  return 0;
#endif
}

Determining if the function pthread_create exists in the pthreads failed with the following output:
Change Dir: /root/Desktop/SFND1-LiDAR/build/CMakeFiles/CMakeTmp

Run Build Command:"/usr/bin/make" "cmTC_e0ae8/fast"
/usr/bin/make -f CMakeFiles/cmTC_e0ae8.dir/build.make CMakeFiles/cmTC_e0ae8.dir/build
make[1]: Entering directory '/root/Desktop/SFND1-LiDAR/build/CMakeFiles/CMakeTmp'
Building C object CMakeFiles/cmTC_e0ae8.dir/CheckFunctionExists.c.o
/usr/bin/x86_64-linux-gnu-gcc-7   -DCHECK_FUNCTION_EXISTS=pthread_create   -o CMakeFiles/cmTC_e0ae8.dir/CheckFunctionExists.c.o   -c /usr/share/cmake-3.10/Modules/CheckFunctionExists.c
Linking C executable cmTC_e0ae8
/usr/bin/cmake -E cmake_link_script CMakeFiles/cmTC_e0ae8.dir/link.txt --verbose=1
/usr/bin/x86_64-linux-gnu-gcc-7  -DCHECK_FUNCTION_EXISTS=pthread_create    -rdynamic CMakeFiles/cmTC_e0ae8.dir/CheckFunctionExists.c.o  -o cmTC_e0ae8 -lpthreads 
/usr/bin/ld: cannot find -lpthreads
collect2: error: ld returned 1 exit status
CMakeFiles/cmTC_e0ae8.dir/build.make:97: recipe for target 'cmTC_e0ae8' failed
make[1]: *** [cmTC_e0ae8] Error 1
make[1]: Leaving directory '/root/Desktop/SFND1-LiDAR/build/CMakeFiles/CMakeTmp'
Makefile:126: recipe for target 'cmTC_e0ae8/fast' failed
make: *** [cmTC_e0ae8/fast] Error 2


